Base path: 'D:/Unity/2019.2.13f1/Editor/Data', plugins path 'D:/Unity/2019.2.13f1/Editor/Data/PlaybackEngines'
Cmd: initializeCompiler
Cmd: preprocess
  insize=1399 outsize=441 ok=1
Cmd: preprocess
  insize=2348 outsize=632 ok=1
Cmd: preprocess
  insize=4979 outsize=3469 ok=1
Cmd: preprocess
  insize=2355 outsize=497 ok=1
Cmd: preprocess
  insize=435 outsize=435 ok=1
Cmd: preprocess
  insize=7913 outsize=553 ok=1
Cmd: preprocess
  insize=1412 outsize=1128 ok=1
Cmd: preprocess
  insize=1615 outsize=1853 ok=1
Cmd: preprocess
  insize=2177 outsize=715 ok=1
Cmd: preprocess
  insize=4650 outsize=981 ok=1
Cmd: preprocess
  insize=8036 outsize=2110 ok=1
Cmd: preprocess
  insize=3115 outsize=305 ok=1
Cmd: preprocess
  insize=6536 outsize=3109 ok=1
Cmd: preprocess
  insize=4616 outsize=1834 ok=1
Cmd: preprocess
  insize=4028 outsize=411 ok=1
Cmd: preprocess
  insize=1826 outsize=1482 ok=1
Cmd: preprocess
  insize=1211 outsize=1678 ok=1
Cmd: preprocess
  insize=3466 outsize=1210 ok=1
Cmd: preprocessCompute
  insize=2081 outsize=2082 ok=1
Cmd: preprocessCompute
  insize=2053 outsize=2059 ok=1
Cmd: preprocess
  insize=2020 outsize=2066 ok=1
Cmd: preprocess
  insize=4405 outsize=1085 ok=1
Cmd: preprocess
  insize=23130 outsize=20189 ok=1
Cmd: preprocess
  insize=3508 outsize=1607 ok=1
Cmd: preprocess
  insize=1526 outsize=1904 ok=1
Cmd: preprocess
  insize=787 outsize=787 ok=1
Cmd: preprocess
  insize=5657 outsize=1880 ok=1
Cmd: preprocess
  insize=1426 outsize=1139 ok=1
Cmd: preprocess
  insize=1484 outsize=1957 ok=1
Cmd: preprocess
  insize=1099 outsize=1288 ok=1
Cmd: preprocess
  insize=3281 outsize=1053 ok=1
Cmd: preprocess
  insize=11491 outsize=934 ok=1
Cmd: preprocess
  insize=1692 outsize=444 ok=1
Cmd: preprocess
  insize=4031 outsize=2323 ok=1
Cmd: preprocess
  insize=1805 outsize=540 ok=1
Cmd: preprocess
  insize=1521 outsize=219 ok=1
Cmd: preprocess
  insize=1354 outsize=1796 ok=1
Cmd: preprocess
  insize=2196 outsize=2055 ok=1
Cmd: preprocessCompute
  insize=1170 outsize=1176 ok=1
Cmd: preprocess
  insize=1242 outsize=1380 ok=1
Cmd: preprocessCompute
  insize=3064 outsize=3070 ok=1
Cmd: preprocessCompute
  insize=10871 outsize=10881 ok=1
Cmd: preprocess
  insize=9417 outsize=4209 ok=1
Cmd: preprocess
  insize=1181 outsize=305 ok=1
Cmd: preprocess
  insize=12353 outsize=531 ok=1
Cmd: preprocess
  insize=1454 outsize=1800 ok=1
Cmd: preprocess
  insize=1022 outsize=1654 ok=1
Cmd: preprocessCompute
  insize=1733 outsize=1738 ok=1
Cmd: preprocess
  insize=1013 outsize=1373 ok=1
Cmd: preprocess
  insize=4105 outsize=1564 ok=1
Cmd: preprocess
  insize=1802 outsize=304 ok=1
Cmd: preprocessCompute
  insize=4847 outsize=4855 ok=1
Cmd: preprocess
  insize=2580 outsize=807 ok=1
Cmd: preprocess
  insize=22798 outsize=3172 ok=1
Cmd: preprocess
  insize=7356 outsize=2611 ok=1
Cmd: preprocess
  insize=4385 outsize=2046 ok=1
Cmd: preprocess
  insize=12931 outsize=2549 ok=1
Cmd: preprocess
  insize=4509 outsize=2323 ok=1
Cmd: preprocess
  insize=3464 outsize=1257 ok=1
Cmd: preprocess
  insize=1044 outsize=940 ok=1
Cmd: preprocess
  insize=3982 outsize=2362 ok=1
Cmd: preprocess
  insize=2476 outsize=831 ok=1
Cmd: preprocessCompute
  insize=3390 outsize=3396 ok=1
Cmd: preprocess
  insize=1541 outsize=3020 ok=1
Cmd: preprocess
  insize=1431 outsize=281 ok=1
Cmd: preprocess
  insize=6092 outsize=364 ok=1
Cmd: preprocess
  insize=1036 outsize=246 ok=1
Cmd: preprocess
  insize=597 outsize=216 ok=1
Cmd: preprocess
  insize=5896 outsize=2446 ok=1
Cmd: preprocess
  insize=1656 outsize=351 ok=1
Cmd: preprocess
  insize=978 outsize=231 ok=1
Cmd: preprocess
  insize=4481 outsize=2045 ok=1
Cmd: preprocess
  insize=2378 outsize=1060 ok=1
Cmd: preprocess
  insize=4509 outsize=2324 ok=1
Cmd: preprocess
  insize=2611 outsize=791 ok=1
Cmd: preprocess
  insize=2990 outsize=1324 ok=1
Cmd: preprocessCompute
  insize=18277 outsize=18299 ok=1
Cmd: preprocess
  insize=5554 outsize=1975 ok=1
Cmd: preprocess
  insize=3209 outsize=790 ok=1
Cmd: preprocess
  insize=10559 outsize=3882 ok=1
Cmd: preprocess
  insize=2236 outsize=943 ok=1
Cmd: preprocess
  insize=4605 outsize=1653 ok=1
Cmd: preprocess
  insize=790 outsize=790 ok=1
Cmd: preprocessCompute
  insize=5431 outsize=5435 ok=1
Cmd: preprocess
  insize=1284 outsize=1832 ok=1
Cmd: preprocess
  insize=7160 outsize=397 ok=1
Cmd: preprocess
  insize=1826 outsize=593 ok=1
Cmd: preprocess
  insize=2822 outsize=361 ok=1
Cmd: preprocess
  insize=2534 outsize=824 ok=1
Cmd: preprocess
  insize=2404 outsize=1061 ok=1
Cmd: preprocess
  insize=9434 outsize=4189 ok=1
Cmd: preprocess
  insize=3604 outsize=1561 ok=1
Cmd: preprocess
  insize=5484 outsize=2326 ok=1
Cmd: preprocess
  insize=7164 outsize=4435 ok=1
Cmd: preprocess
  insize=3478 outsize=2592 ok=1
Cmd: preprocess
  insize=786 outsize=786 ok=1
Cmd: preprocess
  insize=12069 outsize=2430 ok=1
Cmd: preprocessCompute
  insize=3066 outsize=3072 ok=1
Cmd: preprocess
  insize=5764 outsize=2342 ok=1
Cmd: preprocess
  insize=8335 outsize=3719 ok=1
Cmd: preprocess
  insize=1828 outsize=595 ok=1
Cmd: preprocessCompute
  insize=1040 outsize=1041 ok=1
Cmd: preprocess
  insize=1835 outsize=1488 ok=1
Cmd: preprocessCompute
  insize=1800 outsize=1806 ok=1
Cmd: preprocess
  insize=1167 outsize=1701 ok=1
Cmd: preprocess
  insize=9571 outsize=4582 ok=1
Cmd: preprocess
  insize=2667 outsize=1124 ok=1
Cmd: preprocess
  insize=6084 outsize=2513 ok=1
Cmd: preprocess
  insize=1567 outsize=610 ok=1
Cmd: preprocess
  insize=1876 outsize=565 ok=1
Cmd: preprocess
  insize=1333 outsize=1904 ok=1
Cmd: preprocess
  insize=7605 outsize=2406 ok=1
Cmd: preprocess
  insize=924 outsize=924 ok=1
Cmd: preprocess
  insize=4091 outsize=758 ok=1
Cmd: preprocess
  insize=1371 outsize=1820 ok=1
Cmd: preprocess
  insize=1606 outsize=221 ok=1
Cmd: preprocessCompute
  insize=1395 outsize=1396 ok=1
Cmd: preprocess
  insize=3571 outsize=223 ok=1
Cmd: preprocess
  insize=6745 outsize=4181 ok=1
Cmd: preprocess
  insize=1051 outsize=372 ok=1
Cmd: preprocess
  insize=11969 outsize=996 ok=1
Cmd: preprocess
  insize=7773 outsize=2674 ok=1
Cmd: preprocess
  insize=1013 outsize=1615 ok=1
Cmd: preprocess
  insize=8701 outsize=2819 ok=1
Cmd: preprocess
  insize=1457 outsize=474 ok=1
Cmd: preprocess
  insize=2047 outsize=375 ok=1
Cmd: preprocess
  insize=6257 outsize=1253 ok=1
Cmd: preprocess
  insize=2702 outsize=827 ok=1
Cmd: preprocess
  insize=5388 outsize=366 ok=1
Cmd: preprocess
  insize=2273 outsize=1004 ok=1
Cmd: preprocess
  insize=1294 outsize=1453 ok=1
Cmd: preprocess
  insize=1133 outsize=389 ok=1
Cmd: preprocess
  insize=3207 outsize=1205 ok=1
Cmd: preprocess
  insize=2307 outsize=1077 ok=1
Cmd: preprocess
  insize=1000 outsize=242 ok=1
Cmd: preprocess
  insize=752 outsize=344 ok=1
Cmd: preprocess
  insize=3070 outsize=1373 ok=1
Cmd: preprocess
  insize=3689 outsize=519 ok=1
Cmd: preprocess
  insize=1308 outsize=352 ok=1
Cmd: preprocess
  insize=1099 outsize=1335 ok=1
Cmd: preprocess
  insize=20675 outsize=1350 ok=1
Cmd: preprocess
  insize=10548 outsize=3873 ok=1
Cmd: preprocess
  insize=3632 outsize=364 ok=1
Cmd: preprocess
  insize=23137 outsize=1613 ok=1
Cmd: preprocessCompute
  insize=1448 outsize=1454 ok=1
Cmd: preprocess
  insize=6954 outsize=1007 ok=1
Cmd: preprocess
  insize=5101 outsize=512 ok=1
Cmd: preprocessCompute
  insize=2038 outsize=2044 ok=1
Cmd: preprocess
  insize=3256 outsize=1035 ok=1
Cmd: preprocess
  insize=1932 outsize=702 ok=1
Cmd: preprocess
  insize=2270 outsize=638 ok=1
Cmd: preprocess
  insize=1442 outsize=1504 ok=1
Cmd: preprocess
  insize=880 outsize=1145 ok=1
Cmd: preprocess
  insize=1224 outsize=1781 ok=1
Cmd: preprocess
  insize=6927 outsize=983 ok=1
Cmd: preprocess
  insize=4766 outsize=689 ok=1
Cmd: preprocess
  insize=4297 outsize=3592 ok=1
Cmd: preprocess
  insize=6116 outsize=2415 ok=1
Cmd: preprocess
  insize=2609 outsize=220 ok=1
Cmd: preprocess
  insize=1144 outsize=1790 ok=1
Cmd: preprocess
  insize=1979 outsize=735 ok=1
Cmd: preprocess
  insize=1640 outsize=3027 ok=1
Cmd: preprocess
  insize=1673 outsize=1953 ok=1
Cmd: preprocess
  insize=1344 outsize=291 ok=1
Cmd: preprocess
  insize=7631 outsize=2417 ok=1
Cmd: preprocess
  insize=61990 outsize=2233 ok=1
Cmd: preprocess
  insize=66316 outsize=2820 ok=1
Cmd: preprocess
  insize=50915 outsize=2010 ok=1
Cmd: preprocess
  insize=61984 outsize=2227 ok=1
Cmd: preprocess
  insize=50921 outsize=2016 ok=1
Cmd: preprocess
  insize=67031 outsize=2886 ok=1
Cmd: preprocess
  insize=70884 outsize=2889 ok=1
Cmd: preprocess
  insize=40117 outsize=1833 ok=1
